2023-06-20 12:57:16.311 [info] Log level: Info
2023-06-20 12:57:16.311 [info] Validating found git in: "git"
2023-06-20 12:57:16.311 [info] Using git "2.30.2" from "git"
2023-06-20 12:57:16.311 [info] > git rev-parse --show-toplevel [27ms]
2023-06-20 12:57:16.311 [info] fatal: not a git repository (or any of the parent directories): .git
2023-06-20 12:57:16.311 [info] > git rev-parse --show-toplevel [10ms]
2023-06-20 12:57:16.311 [info] fatal: not a git repository (or any of the parent directories): .git
2023-06-20 12:57:16.311 [info] > git rev-parse --show-toplevel [1ms]
2023-06-20 12:57:16.311 [info] fatal: not a git repository (or any of the parent directories): .git
2023-06-20 13:01:22.130 [info] > git rev-parse --show-toplevel [1ms]
2023-06-20 13:01:22.134 [info] > git rev-parse --git-dir --git-common-dir [1ms]
2023-06-20 13:01:22.144 [info] Open repository: /home/welly/.nvm
2023-06-20 13:01:22.156 [info] > git config --get commit.template [6ms]
2023-06-20 13:01:22.157 [info] > git for-each-ref --format=%(refname)%00%(upstream:short)%00%(objectname)%00%(upstream:track)%00%(upstream:remotename)%00%(upstream:remoteref) refs/heads/master refs/remotes/master [3ms]
2023-06-20 13:01:22.163 [info] > git status -z -uall --find-renames=50% [2ms]
2023-06-20 13:01:22.175 [info] > git config --get commit.template [5ms]
2023-06-20 13:01:22.176 [info] > git for-each-ref --format=%(refname)%00%(upstream:short)%00%(objectname)%00%(upstream:track)%00%(upstream:remotename)%00%(upstream:remoteref) refs/heads/master refs/remotes/master [2ms]
2023-06-20 13:01:22.179 [info] > git status -z -uall --find-renames=50% [1ms]
2023-06-20 13:01:23.942 [info] > git config --get commit.template [7ms]
2023-06-20 13:01:23.944 [info] > git for-each-ref --format=%(refname)%00%(upstream:short)%00%(objectname)%00%(upstream:track)%00%(upstream:remotename)%00%(upstream:remoteref) refs/heads/master refs/remotes/master [3ms]
2023-06-20 13:01:23.960 [info] > git status -z -uall --find-renames=50% [12ms]
2023-06-20 13:01:28.971 [info] > git config --get commit.template [4ms]
2023-06-20 13:01:28.972 [info] > git for-each-ref --format %(refname) %(objectname) %(*objectname) refs/tags [1ms]
2023-06-20 13:01:28.983 [info] > git status -z -uall --find-renames=50% [7ms]
2023-06-20 13:01:43.557 [info] > git config --get commit.template [4ms]
2023-06-20 13:01:43.558 [info] > git for-each-ref --format %(refname) %(objectname) %(*objectname) refs/tags [2ms]
2023-06-20 13:01:43.567 [info] > git status -z -uall --find-renames=50% [7ms]
2023-06-20 13:01:48.577 [info] > git config --get commit.template [4ms]
2023-06-20 13:01:48.578 [info] > git for-each-ref --format %(refname) %(objectname) %(*objectname) refs/tags [1ms]
2023-06-20 13:01:48.587 [info] > git status -z -uall --find-renames=50% [7ms]
2023-06-20 13:03:38.816 [info] > git rev-parse --show-toplevel [1ms]
2023-06-20 13:03:38.823 [info] > git rev-parse --git-dir --git-common-dir [1ms]
2023-06-20 13:03:38.828 [info] Open repository: /home/welly/emi_frontend
2023-06-20 13:03:38.836 [info] > git config --get commit.template [3ms]
2023-06-20 13:03:38.837 [info] > git for-each-ref --format=%(refname)%00%(upstream:short)%00%(objectname)%00%(upstream:track)%00%(upstream:remotename)%00%(upstream:remoteref) refs/heads/master refs/remotes/master [2ms]
2023-06-20 13:03:38.841 [info] > git status -z -uall --find-renames=50% [1ms]
2023-06-20 13:03:38.850 [info] > git config --get commit.template [3ms]
2023-06-20 13:03:38.851 [info] > git for-each-ref --format=%(refname)%00%(upstream:short)%00%(objectname)%00%(upstream:track)%00%(upstream:remotename)%00%(upstream:remoteref) refs/heads/master refs/remotes/master [1ms]
2023-06-20 13:03:38.854 [info] > git status -z -uall --find-renames=50% [1ms]
2023-06-20 13:04:02.629 [warning] ENOENT: no such file or directory, open '/home/welly/emi_frontend/.git/HEAD'
2023-06-20 13:04:02.635 [warning] getRemotes() - ENOENT: no such file or directory, open '/home/welly/emi_frontend/.git/config'
2023-06-20 13:04:02.643 [warning] ENOENT: no such file or directory, open '/home/welly/emi_frontend/.git/HEAD'
2023-06-20 13:04:02.647 [warning] getRemotes() - ENOENT: no such file or directory, open '/home/welly/emi_frontend/.git/config'
2023-06-20 13:04:12.129 [info] > git rev-parse --show-toplevel [1ms]
2023-06-20 13:04:12.133 [info] > git rev-parse --git-dir --git-common-dir [1ms]
2023-06-20 13:04:12.138 [info] Open repository: /home/welly/emi_frontend
2023-06-20 13:04:12.145 [info] > git config --get commit.template [1ms]
2023-06-20 13:04:12.149 [info] > git for-each-ref --format=%(refname)%00%(upstream:short)%00%(objectname)%00%(upstream:track)%00%(upstream:remotename)%00%(upstream:remoteref) refs/heads/master refs/remotes/master [1ms]
2023-06-20 13:04:12.153 [info] > git status -z -uall --find-renames=50% [1ms]
2023-06-20 13:04:12.160 [info] > git config --get commit.template [0ms]
2023-06-20 13:04:12.164 [info] > git for-each-ref --format=%(refname)%00%(upstream:short)%00%(objectname)%00%(upstream:track)%00%(upstream:remotename)%00%(upstream:remoteref) refs/heads/master refs/remotes/master [0ms]
2023-06-20 13:04:12.168 [info] > git status -z -uall --find-renames=50% [1ms]
2023-06-20 13:04:29.195 [warning] ENOENT: no such file or directory, open '/home/welly/emi_frontend/.git/HEAD'
2023-06-20 13:04:29.200 [warning] getRemotes() - ENOENT: no such file or directory, open '/home/welly/emi_frontend/.git/config'
2023-06-20 13:04:29.206 [warning] ENOENT: no such file or directory, open '/home/welly/emi_frontend/.git/HEAD'
2023-06-20 13:04:29.209 [warning] getRemotes() - ENOENT: no such file or directory, open '/home/welly/emi_frontend/.git/config'
2023-06-20 13:04:43.002 [info] > git rev-parse --show-toplevel [1ms]
2023-06-20 13:04:43.002 [info] fatal: detected dubious ownership in repository at '/home/welly/emi_frontend'
To add an exception for this directory, call:

	git config --global --add safe.directory /home/welly/emi_frontend
2023-06-20 13:17:15.535 [info] > git rev-parse --show-toplevel [1ms]
2023-06-20 13:17:15.540 [info] > git rev-parse --git-dir --git-common-dir [1ms]
2023-06-20 13:17:15.546 [info] Open repository: /home/welly/emi_frontend
2023-06-20 13:17:15.554 [info] > git config --get commit.template [4ms]
2023-06-20 13:17:15.555 [info] > git for-each-ref --format=%(refname)%00%(upstream:short)%00%(objectname)%00%(upstream:track)%00%(upstream:remotename)%00%(upstream:remoteref) refs/heads/main refs/remotes/main [2ms]
2023-06-20 13:17:15.598 [info] > git status -z -uall --find-renames=50% [40ms]
2023-06-20 13:17:15.609 [info] > git config --get commit.template [3ms]
2023-06-20 13:17:15.609 [info] > git for-each-ref --format=%(refname)%00%(upstream:short)%00%(objectname)%00%(upstream:track)%00%(upstream:remotename)%00%(upstream:remoteref) refs/heads/main refs/remotes/main [1ms]
2023-06-20 13:17:15.648 [info] > git status -z -uall --find-renames=50% [37ms]
2023-06-20 13:17:59.749 [info] > git config --get commit.template [29ms]
2023-06-20 13:17:59.759 [info] > git for-each-ref --format=%(refname)%00%(upstream:short)%00%(objectname)%00%(upstream:track)%00%(upstream:remotename)%00%(upstream:remoteref) refs/heads/main refs/remotes/main [11ms]
2023-06-20 13:17:59.866 [info] > git status -z -uall --find-renames=50% [77ms]
2023-06-20 13:18:15.832 [info] > git for-each-ref --format=%(refname)%00%(upstream:short)%00%(objectname)%00%(upstream:track)%00%(upstream:remotename)%00%(upstream:remoteref) refs/heads/main refs/remotes/main [1ms]
2023-06-20 13:18:15.833 [info] > git config --get commit.template [14ms]
2023-06-20 13:18:15.913 [info] > git status -z -uall --find-renames=50% [72ms]
2023-06-20 13:18:48.695 [info] > git config --get commit.template [4ms]
2023-06-20 13:18:48.696 [info] > git for-each-ref --format=%(refname)%00%(upstream:short)%00%(objectname)%00%(upstream:track)%00%(upstream:remotename)%00%(upstream:remoteref) refs/heads/main refs/remotes/main [2ms]
2023-06-20 13:18:48.734 [info] > git status -z -uall --find-renames=50% [35ms]
2023-06-20 13:18:53.745 [info] > git config --get commit.template [4ms]
2023-06-20 13:18:53.746 [info] > git for-each-ref --format=%(refname)%00%(upstream:short)%00%(objectname)%00%(upstream:track)%00%(upstream:remotename)%00%(upstream:remoteref) refs/heads/main refs/remotes/main [2ms]
2023-06-20 13:18:53.784 [info] > git status -z -uall --find-renames=50% [35ms]
2023-06-20 13:19:16.783 [info] > git config --get commit.template [2ms]
2023-06-20 13:19:16.787 [info] > git for-each-ref --format=%(refname)%00%(upstream:short)%00%(objectname)%00%(upstream:track)%00%(upstream:remotename)%00%(upstream:remoteref) refs/heads/main refs/remotes/main [1ms]
2023-06-20 13:19:16.826 [info] > git status -z -uall --find-renames=50% [36ms]
2023-06-20 13:29:57.372 [info] > git check-ignore -v -z --stdin [1ms]
2023-06-20 13:29:57.373 [info] > git check-ignore -v -z --stdin [7ms]
2023-06-20 13:29:59.052 [info] > git check-ignore -v -z --stdin [1ms]
2023-06-20 13:30:01.148 [info] > git check-ignore -v -z --stdin [1ms]
2023-06-20 13:30:02.486 [info] > git check-ignore -v -z --stdin [1ms]
2023-06-20 13:30:03.630 [info] > git show --textconv :pages/index.tsx [16ms]
2023-06-20 13:30:03.631 [info] > git ls-files --stage -- /home/welly/emi_frontend/pages/index.tsx [2ms]
2023-06-20 13:30:03.646 [info] > git cat-file -s c01d07093010be793169d26c188ffcf9a3ad9719 [5ms]
2023-06-20 13:30:07.264 [info] > git config --get commit.template [5ms]
2023-06-20 13:30:07.265 [info] > git for-each-ref --format=%(refname)%00%(upstream:short)%00%(objectname)%00%(upstream:track)%00%(upstream:remotename)%00%(upstream:remoteref) refs/heads/main refs/remotes/main [2ms]
2023-06-20 13:30:07.352 [info] > git status -z -uall --find-renames=50% [68ms]
2023-06-20 13:30:25.336 [info] > git config --get commit.template [4ms]
2023-06-20 13:30:25.337 [info] > git for-each-ref --format=%(refname)%00%(upstream:short)%00%(objectname)%00%(upstream:track)%00%(upstream:remotename)%00%(upstream:remoteref) refs/heads/main refs/remotes/main [1ms]
2023-06-20 13:30:25.376 [info] > git status -z -uall --find-renames=50% [36ms]
2023-06-20 13:30:42.864 [info] > git config --get commit.template [3ms]
2023-06-20 13:30:42.864 [info] > git for-each-ref --format=%(refname)%00%(upstream:short)%00%(objectname)%00%(upstream:track)%00%(upstream:remotename)%00%(upstream:remoteref) refs/heads/main refs/remotes/main [1ms]
2023-06-20 13:30:42.904 [info] > git status -z -uall --find-renames=50% [37ms]
2023-06-20 13:30:45.709 [info] > git check-ignore -v -z --stdin [1ms]
2023-06-20 13:30:48.809 [info] > git check-ignore -v -z --stdin [1ms]
2023-06-20 13:30:50.154 [info] > git show --textconv :styles/Home.module.css [8ms]
2023-06-20 13:30:50.158 [info] > git ls-files --stage -- /home/welly/emi_frontend/styles/Home.module.css [4ms]
2023-06-20 13:30:50.167 [info] > git cat-file -s 2f986205467acaafa13808437e2cf6bf9eeec75a [4ms]
2023-06-20 13:31:17.146 [info] > git config --get commit.template [5ms]
2023-06-20 13:31:17.147 [info] > git for-each-ref --format=%(refname)%00%(upstream:short)%00%(objectname)%00%(upstream:track)%00%(upstream:remotename)%00%(upstream:remoteref) refs/heads/main refs/remotes/main [2ms]
2023-06-20 13:31:17.192 [info] > git status -z -uall --find-renames=50% [40ms]
2023-06-20 13:36:00.627 [info] > git config --get commit.template [4ms]
2023-06-20 13:36:00.628 [info] > git for-each-ref --format=%(refname)%00%(upstream:short)%00%(objectname)%00%(upstream:track)%00%(upstream:remotename)%00%(upstream:remoteref) refs/heads/main refs/remotes/main [1ms]
2023-06-20 13:36:00.669 [info] > git status -z -uall --find-renames=50% [39ms]
2023-06-20 13:36:05.682 [info] > git config --get commit.template [6ms]
2023-06-20 13:36:05.684 [info] > git for-each-ref --format=%(refname)%00%(upstream:short)%00%(objectname)%00%(upstream:track)%00%(upstream:remotename)%00%(upstream:remoteref) refs/heads/main refs/remotes/main [3ms]
2023-06-20 13:36:05.750 [info] > git status -z -uall --find-renames=50% [62ms]
2023-06-20 13:36:26.330 [info] > git for-each-ref --format=%(refname)%00%(upstream:short)%00%(objectname)%00%(upstream:track)%00%(upstream:remotename)%00%(upstream:remoteref) refs/heads/main refs/remotes/main [2ms]
2023-06-20 13:36:26.331 [info] > git config --get commit.template [6ms]
2023-06-20 13:36:26.377 [info] > git status -z -uall --find-renames=50% [42ms]
2023-06-20 13:36:27.100 [info] > git check-ignore -v -z --stdin [1ms]
2023-06-20 13:36:43.259 [info] > git config --get commit.template [4ms]
2023-06-20 13:36:43.260 [info] > git for-each-ref --format=%(refname)%00%(upstream:short)%00%(objectname)%00%(upstream:track)%00%(upstream:remotename)%00%(upstream:remoteref) refs/heads/main refs/remotes/main [2ms]
2023-06-20 13:36:43.299 [info] > git status -z -uall --find-renames=50% [36ms]
2023-06-20 13:37:29.915 [info] > git config --get commit.template [4ms]
2023-06-20 13:37:29.916 [info] > git for-each-ref --format=%(refname)%00%(upstream:short)%00%(objectname)%00%(upstream:track)%00%(upstream:remotename)%00%(upstream:remoteref) refs/heads/main refs/remotes/main [1ms]
2023-06-20 13:37:29.956 [info] > git status -z -uall --find-renames=50% [37ms]
2023-06-20 13:41:25.695 [info] > git config --get commit.template [4ms]
2023-06-20 13:41:25.696 [info] > git for-each-ref --format=%(refname)%00%(upstream:short)%00%(objectname)%00%(upstream:track)%00%(upstream:remotename)%00%(upstream:remoteref) refs/heads/main refs/remotes/main [1ms]
2023-06-20 13:41:25.738 [info] > git status -z -uall --find-renames=50% [39ms]
2023-06-20 13:41:30.749 [info] > git config --get commit.template [4ms]
2023-06-20 13:41:30.749 [info] > git for-each-ref --format=%(refname)%00%(upstream:short)%00%(objectname)%00%(upstream:track)%00%(upstream:remotename)%00%(upstream:remoteref) refs/heads/main refs/remotes/main [1ms]
2023-06-20 13:41:30.787 [info] > git status -z -uall --find-renames=50% [35ms]
2023-06-20 13:46:23.177 [info] > git rev-parse --show-toplevel [1ms]
2023-06-20 13:46:23.181 [info] > git rev-parse --git-dir --git-common-dir [0ms]
2023-06-20 13:46:23.188 [info] Open repository: /home/welly
2023-06-20 13:46:23.195 [info] No remotes found in the git config file.
2023-06-20 13:46:23.195 [info] > git config --get commit.template [3ms]
2023-06-20 13:46:23.196 [info] > git for-each-ref --format=%(refname)%00%(upstream:short)%00%(objectname)%00%(upstream:track)%00%(upstream:remotename)%00%(upstream:remoteref) refs/heads/master refs/remotes/master [2ms]
2023-06-20 13:46:23.280 [info] > git status -z -uall --find-renames=50% [82ms]
2023-06-20 13:46:23.615 [info] > git config --get commit.template [17ms]
2023-06-20 13:46:23.643 [info] No remotes found in the git config file.
2023-06-20 13:46:23.657 [info] > git for-each-ref --format=%(refname)%00%(upstream:short)%00%(objectname)%00%(upstream:track)%00%(upstream:remotename)%00%(upstream:remoteref) refs/heads/master refs/remotes/master [14ms]
2023-06-20 13:46:23.700 [info] > git status -z -uall --find-renames=50% [26ms]
2023-06-20 13:46:23.740 [info] > git check-ignore -v -z --stdin [1ms]
2023-06-20 13:46:26.172 [info] > git config --get commit.template [1ms]
2023-06-20 13:46:26.177 [info] No remotes found in the git config file.
2023-06-20 13:46:26.178 [info] > git for-each-ref --format=%(refname)%00%(upstream:short)%00%(objectname)%00%(upstream:track)%00%(upstream:remotename)%00%(upstream:remoteref) refs/heads/master refs/remotes/master [1ms]
2023-06-20 13:46:26.198 [info] > git status -z -uall --find-renames=50% [17ms]
2023-06-20 13:46:29.916 [info] > git ls-files --stage -- /home/welly/emi_frontend/styles/Home.module.css [1ms]
2023-06-20 13:46:29.922 [info] > git cat-file -s 2f986205467acaafa13808437e2cf6bf9eeec75a [1ms]
2023-06-20 13:46:29.943 [info] > git show --textconv :styles/Home.module.css [2ms]
2023-06-20 13:46:31.240 [info] > git config --get commit.template [4ms]
2023-06-20 13:46:31.240 [info] > git for-each-ref --format=%(refname)%00%(upstream:short)%00%(objectname)%00%(upstream:track)%00%(upstream:remotename)%00%(upstream:remoteref) refs/heads/master refs/remotes/master [1ms]
2023-06-20 13:46:31.260 [info] > git status -z -uall --find-renames=50% [17ms]
2023-06-20 13:46:36.317 [info] > git config --get commit.template [28ms]
2023-06-20 13:46:36.337 [info] > git for-each-ref --format=%(refname)%00%(upstream:short)%00%(objectname)%00%(upstream:track)%00%(upstream:remotename)%00%(upstream:remoteref) refs/heads/master refs/remotes/master [12ms]
2023-06-20 13:46:36.357 [info] > git status -z -uall --find-renames=50% [15ms]
2023-06-20 13:46:41.400 [info] > git config --get commit.template [9ms]
2023-06-20 13:46:41.402 [info] > git for-each-ref --format=%(refname)%00%(upstream:short)%00%(objectname)%00%(upstream:track)%00%(upstream:remotename)%00%(upstream:remoteref) refs/heads/master refs/remotes/master [2ms]
2023-06-20 13:46:41.455 [info] > git status -z -uall --find-renames=50% [46ms]
